<?xml version="1.0" encoding="UTF-8"?>
<testng-results skipped="0" failed="0" total="0" passed="0">
  <reporter-output>
  </reporter-output>
  <suite name="com.test.core.hybrid.AppTest" duration-ms="4" started-at="2017-10-21T21:39:24Z" finished-at="2017-10-21T21:39:24Z">
    <groups>
    </groups>
    <test name="Command line test" duration-ms="4" started-at="2017-10-21T21:39:24Z" finished-at="2017-10-21T21:39:24Z">
    </test> <!-- Command line test -->
  </suite> <!-- com.test.core.hybrid.AppTest -->
</testng-results>
